c:\projects\games-programming-assignment\assignment solution\assignment solution\x64\debug\vc143.pdb
c:\projects\games-programming-assignment\assignment solution\assignment solution\x64\debug\vc143.idb
c:\projects\games-programming-assignment\assignment solution\assignment solution\x64\debug\sprite.obj
c:\projects\games-programming-assignment\assignment solution\assignment solution\x64\debug\splashscreen.obj
c:\projects\games-programming-assignment\assignment solution\assignment solution\x64\debug\shaperendering.obj
c:\projects\games-programming-assignment\assignment solution\assignment solution\x64\debug\scene.obj
c:\projects\games-programming-assignment\assignment solution\assignment solution\x64\debug\rigidbody.obj
c:\projects\games-programming-assignment\assignment solution\assignment solution\x64\debug\render2d.obj
c:\projects\games-programming-assignment\assignment solution\assignment solution\x64\debug\playermouseinput.obj
c:\projects\games-programming-assignment\assignment solution\assignment solution\x64\debug\mouseclickcheck.obj
c:\projects\games-programming-assignment\assignment solution\assignment solution\x64\debug\logotext.obj
c:\projects\games-programming-assignment\assignment solution\assignment solution\x64\debug\logoscript.obj
c:\projects\games-programming-assignment\assignment solution\assignment solution\x64\debug\logo.obj
c:\projects\games-programming-assignment\assignment solution\assignment solution\x64\debug\input.obj
c:\projects\games-programming-assignment\assignment solution\assignment solution\x64\debug\gamescene.obj
c:\projects\games-programming-assignment\assignment solution\assignment solution\x64\debug\gameobject.obj
c:\projects\games-programming-assignment\assignment solution\assignment solution\x64\debug\enginemanager.obj
c:\projects\games-programming-assignment\assignment solution\assignment solution\x64\debug\debug.obj
c:\projects\games-programming-assignment\assignment solution\assignment solution\x64\debug\component.obj
c:\projects\games-programming-assignment\assignment solution\assignment solution\x64\debug\collisionhandler.obj
c:\projects\games-programming-assignment\assignment solution\assignment solution\x64\debug\collision.obj
c:\projects\games-programming-assignment\assignment solution\assignment solution\x64\debug\assignment solution.obj
c:\projects\games-programming-assignment\assignment solution\assignment solution\x64\debug\wall.obj
c:\projects\games-programming-assignment\assignment solution\assignment solution\x64\debug\vector2.obj
c:\projects\games-programming-assignment\assignment solution\assignment solution\x64\debug\transform2d.obj
c:\projects\games-programming-assignment\assignment solution\assignment solution\x64\debug\texturemanager.obj
c:\projects\games-programming-assignment\assignment solution\assignment solution\x64\debug\textboxhowtoplay.obj
c:\projects\games-programming-assignment\assignment solution\assignment solution\x64\debug\text.obj
c:\projects\games-programming-assignment\assignment solution\assignment solution\x64\debug\sz_timer.obj
c:\projects\games-programming-assignment\assignment solution\assignment solution\x64\debug\assignment solution.ilk
c:\projects\games-programming-assignment\assignment solution\x64\debug\assignment solution.exe
c:\projects\games-programming-assignment\assignment solution\x64\debug\assignment solution.pdb
c:\projects\games-programming-assignment\assignment solution\assignment solution\x64\debug\assignme.79e5d070.tlog\cl.command.1.tlog
c:\projects\games-programming-assignment\assignment solution\assignment solution\x64\debug\assignme.79e5d070.tlog\cl.read.1.tlog
c:\projects\games-programming-assignment\assignment solution\assignment solution\x64\debug\assignme.79e5d070.tlog\cl.write.1.tlog
c:\projects\games-programming-assignment\assignment solution\assignment solution\x64\debug\assignme.79e5d070.tlog\link.command.1.tlog
c:\projects\games-programming-assignment\assignment solution\assignment solution\x64\debug\assignme.79e5d070.tlog\link.read.1.tlog
c:\projects\games-programming-assignment\assignment solution\assignment solution\x64\debug\assignme.79e5d070.tlog\link.write.1.tlog
