  Assignment Solution.cpp
C:\Projects\Games-Programming-Assignment\Assignment Solution\Assignment Solution\Assignment Solution.cpp(52,21): warning C4244: 'initializing': conversion from 'int' to 'float', possible loss of data
C:\Projects\Games-Programming-Assignment\Assignment Solution\Assignment Solution\Assignment Solution.cpp(57,26): warning C4244: 'initializing': conversion from 'float' to 'int', possible loss of data
C:\Projects\Games-Programming-Assignment\Assignment Solution\Assignment Solution\Assignment Solution.cpp(62,23): warning C4244: 'argument': conversion from 'float' to 'Uint32', possible loss of data
  Collision.cpp
  CollisionHandler.cpp
  Component.cpp
  Debug.cpp
  EngineManager.cpp
C:\Projects\Games-Programming-Assignment\Assignment Solution\Assignment Solution\EngineManager.cpp(38,38): warning C4244: 'argument': conversion from 'int' to 'float', possible loss of data
C:\Projects\Games-Programming-Assignment\Assignment Solution\Assignment Solution\EngineManager.cpp(38,26): warning C4244: 'argument': conversion from 'int' to 'float', possible loss of data
  GameObject.cpp
  GameScene.cpp
C:\Projects\Games-Programming-Assignment\Assignment Solution\Assignment Solution\GameScene.cpp(13,27): warning C4244: '=': conversion from 'int' to 'float', possible loss of data
C:\Projects\Games-Programming-Assignment\Assignment Solution\Assignment Solution\GameScene.cpp(17,27): warning C4244: '=': conversion from 'int' to 'float', possible loss of data
  Input.cpp
C:\Projects\Games-Programming-Assignment\Assignment Solution\Assignment Solution\Input.cpp(59,40): warning C4244: '=': conversion from 'float' to 'int', possible loss of data
C:\Projects\Games-Programming-Assignment\Assignment Solution\Assignment Solution\Input.cpp(60,40): warning C4244: '=': conversion from 'float' to 'int', possible loss of data
  Logo.cpp
  LogoScript.cpp
  LogoText.cpp
  MouseClickCheck.cpp
  PlayerMouseInput.cpp
  Render2D.cpp
C:\Projects\Games-Programming-Assignment\Assignment Solution\Assignment Solution\Render2D.cpp(28,11): warning C4244: 'initializing': conversion from 'float' to 'int', possible loss of data
C:\Projects\Games-Programming-Assignment\Assignment Solution\Assignment Solution\Render2D.cpp(29,11): warning C4244: 'initializing': conversion from 'float' to 'int', possible loss of data
  Rigidbody.cpp
C:\Projects\Games-Programming-Assignment\Assignment Solution\Assignment Solution\Rigidbody.cpp(18,26): warning C4244: '=': conversion from 'float' to 'int', possible loss of data
C:\Projects\Games-Programming-Assignment\Assignment Solution\Assignment Solution\Rigidbody.cpp(19,26): warning C4244: '=': conversion from 'float' to 'int', possible loss of data
C:\Projects\Games-Programming-Assignment\Assignment Solution\Assignment Solution\Rigidbody.cpp(20,34): warning C4244: '=': conversion from 'float' to 'int', possible loss of data
C:\Projects\Games-Programming-Assignment\Assignment Solution\Assignment Solution\Rigidbody.cpp(21,35): warning C4244: '=': conversion from 'float' to 'int', possible loss of data
C:\Projects\Games-Programming-Assignment\Assignment Solution\Assignment Solution\Rigidbody.cpp(27,34): warning C4244: '=': conversion from 'float' to 'int', possible loss of data
C:\Projects\Games-Programming-Assignment\Assignment Solution\Assignment Solution\Rigidbody.cpp(28,35): warning C4244: '=': conversion from 'float' to 'int', possible loss of data
C:\Projects\Games-Programming-Assignment\Assignment Solution\Assignment Solution\Rigidbody.cpp(29,58): warning C4244: '=': conversion from 'float' to 'int', possible loss of data
C:\Projects\Games-Programming-Assignment\Assignment Solution\Assignment Solution\Rigidbody.cpp(30,58): warning C4244: '=': conversion from 'float' to 'int', possible loss of data
  Scene.cpp
  ShapeRendering.cpp
C:\Projects\Games-Programming-Assignment\Assignment Solution\Assignment Solution\ShapeRendering.cpp(9,9): warning C4244: '=': conversion from 'double' to 'int', possible loss of data
C:\Projects\Games-Programming-Assignment\Assignment Solution\Assignment Solution\ShapeRendering.cpp(9,18): warning C4244: '=': conversion from 'double' to 'int', possible loss of data
C:\Projects\Games-Programming-Assignment\Assignment Solution\Assignment Solution\ShapeRendering.cpp(9,27): warning C4244: '=': conversion from 'double' to 'int', possible loss of data
C:\Projects\Games-Programming-Assignment\Assignment Solution\Assignment Solution\ShapeRendering.cpp(9,36): warning C4244: '=': conversion from 'double' to 'int', possible loss of data
  SplashScreen.cpp
C:\Projects\Games-Programming-Assignment\Assignment Solution\Assignment Solution\SplashScreen.cpp(13,27): warning C4244: '=': conversion from 'int' to 'float', possible loss of data
C:\Projects\Games-Programming-Assignment\Assignment Solution\Assignment Solution\SplashScreen.cpp(17,27): warning C4244: '=': conversion from 'int' to 'float', possible loss of data
  Sprite.cpp
C:\Projects\Games-Programming-Assignment\Assignment Solution\Assignment Solution\Sprite.cpp(18,18): warning C4244: '=': conversion from 'float' to 'int', possible loss of data
C:\Projects\Games-Programming-Assignment\Assignment Solution\Assignment Solution\Sprite.cpp(20,18): warning C4244: '=': conversion from 'float' to 'int', possible loss of data
C:\Projects\Games-Programming-Assignment\Assignment Solution\Assignment Solution\Sprite.cpp(21,31): warning C4244: '=': conversion from 'float' to 'int', possible loss of data
C:\Projects\Games-Programming-Assignment\Assignment Solution\Assignment Solution\Sprite.cpp(22,32): warning C4244: '=': conversion from 'float' to 'int', possible loss of data
C:\Projects\Games-Programming-Assignment\Assignment Solution\Assignment Solution\Sprite.cpp(28,53): warning C4244: '=': conversion from 'float' to 'int', possible loss of data
C:\Projects\Games-Programming-Assignment\Assignment Solution\Assignment Solution\Sprite.cpp(29,53): warning C4244: '=': conversion from 'float' to 'int', possible loss of data
C:\Projects\Games-Programming-Assignment\Assignment Solution\Assignment Solution\Sprite.cpp(30,32): warning C4244: '=': conversion from 'float' to 'int', possible loss of data
C:\Projects\Games-Programming-Assignment\Assignment Solution\Assignment Solution\Sprite.cpp(31,33): warning C4244: '=': conversion from 'float' to 'int', possible loss of data
  Generating Code...
  Compiling...
  SZ_Timer.cpp
  Text.cpp
C:\Projects\Games-Programming-Assignment\Assignment Solution\Assignment Solution\Text.cpp(40,48): warning C4244: '=': conversion from 'float' to 'int', possible loss of data
C:\Projects\Games-Programming-Assignment\Assignment Solution\Assignment Solution\Text.cpp(41,48): warning C4244: '=': conversion from 'float' to 'int', possible loss of data
C:\Projects\Games-Programming-Assignment\Assignment Solution\Assignment Solution\Text.cpp(82,49): warning C4244: '=': conversion from 'float' to 'int', possible loss of data
  TextBoxHowToPlay.cpp
  TextureManager.cpp
C:\Projects\Games-Programming-Assignment\Assignment Solution\Assignment Solution\TextureManager.cpp(124,12): warning C4244: '=': conversion from 'int' to 'float', possible loss of data
C:\Projects\Games-Programming-Assignment\Assignment Solution\Assignment Solution\TextureManager.cpp(125,12): warning C4244: '=': conversion from 'int' to 'float', possible loss of data
  Transform2D.cpp
C:\Projects\Games-Programming-Assignment\Assignment Solution\Assignment Solution\Transform2D.cpp(34,10): warning C4244: '+=': conversion from 'double' to 'float', possible loss of data
C:\Projects\Games-Programming-Assignment\Assignment Solution\Assignment Solution\Transform2D.cpp(35,10): warning C4244: '+=': conversion from 'double' to 'float', possible loss of data
C:\Projects\Games-Programming-Assignment\Assignment Solution\Assignment Solution\Transform2D.cpp(39,9): warning C4244: '=': conversion from 'double' to 'float', possible loss of data
C:\Projects\Games-Programming-Assignment\Assignment Solution\Assignment Solution\Transform2D.cpp(40,9): warning C4244: '=': conversion from 'double' to 'float', possible loss of data
  Vector2.cpp
  Wall.cpp
  Generating Code...
  Assignment Solution.vcxproj -> C:\Projects\Games-Programming-Assignment\Assignment Solution\x64\Debug\Assignment Solution.exe
